[7] Log opened at 2024-01-08 15:06:58.888884
[7] [Step Debug] INFO: Connecting to configured address/port: host.docker.internal:9003.
[7] [Step Debug] WARN: Creating socket for 'host.docker.internal:9003', poll success, but error: Operation in progress (29).
[7] [Step Debug] ERR: Could not connect to debugging client. Tried: host.docker.internal:9003 (through xdebug.client_host/xdebug.client_port).
[7] [Step Debug] INFO: Connecting to configured address/port: host.docker.internal:9003.
[7] [Step Debug] WARN: Creating socket for 'host.docker.internal:9003', poll success, but error: Operation in progress (29).
[7] [Step Debug] ERR: Could not connect to debugging client. Tried: host.docker.internal:9003 (through xdebug.client_host/xdebug.client_port).
[7] [Step Debug] INFO: Connecting to configured address/port: host.docker.internal:9003.
[7] [Step Debug] WARN: Creating socket for 'host.docker.internal:9003', poll success, but error: Operation in progress (29).
[7] [Step Debug] ERR: Could not connect to debugging client. Tried: host.docker.internal:9003 (through xdebug.client_host/xdebug.client_port).
[7] Log closed at 2024-01-08 15:06:59.342608

[16] Log opened at 2024-01-08 15:18:51.800921
[16] [Step Debug] INFO: Connecting to configured address/port: host.docker.internal:9003.
[16] [Step Debug] WARN: Creating socket for 'host.docker.internal:9003', poll success, but error: Operation in progress (29).
[16] [Step Debug] ERR: Could not connect to debugging client. Tried: host.docker.internal:9003 (through xdebug.client_host/xdebug.client_port).
[16] [Step Debug] INFO: Connecting to configured address/port: host.docker.internal:9003.
[16] [Step Debug] WARN: Creating socket for 'host.docker.internal:9003', poll success, but error: Operation in progress (29).
[16] [Step Debug] ERR: Could not connect to debugging client. Tried: host.docker.internal:9003 (through xdebug.client_host/xdebug.client_port).
[16] [Step Debug] INFO: Connecting to configured address/port: host.docker.internal:9003.
[16] [Step Debug] WARN: Creating socket for 'host.docker.internal:9003', poll success, but error: Operation in progress (29).
[16] [Step Debug] ERR: Could not connect to debugging client. Tried: host.docker.internal:9003 (through xdebug.client_host/xdebug.client_port).
[16] Log closed at 2024-01-08 15:18:51.857475

[18] Log opened at 2024-01-08 15:19:42.239502
[18] [Step Debug] INFO: Connecting to configured address/port: host.docker.internal:9003.
[18] [Step Debug] WARN: Creating socket for 'host.docker.internal:9003', poll success, but error: Operation in progress (29).
[18] [Step Debug] ERR: Could not connect to debugging client. Tried: host.docker.internal:9003 (through xdebug.client_host/xdebug.client_port).
[50] Log opened at 2024-01-08 15:19:44.892294
[50] [Step Debug] INFO: Connecting to configured address/port: host.docker.internal:9003.
[50] [Step Debug] WARN: Creating socket for 'host.docker.internal:9003', poll success, but error: Operation in progress (29).
[50] [Step Debug] ERR: Could not connect to debugging client. Tried: host.docker.internal:9003 (through xdebug.client_host/xdebug.client_port).
[50] [Step Debug] INFO: Connecting to configured address/port: host.docker.internal:9003.
[50] [Step Debug] WARN: Creating socket for 'host.docker.internal:9003', poll success, but error: Operation in progress (29).
[50] [Step Debug] ERR: Could not connect to debugging client. Tried: host.docker.internal:9003 (through xdebug.client_host/xdebug.client_port).
[50] [Step Debug] INFO: Connecting to configured address/port: host.docker.internal:9003.
[50] [Step Debug] WARN: Creating socket for 'host.docker.internal:9003', poll success, but error: Operation in progress (29).
[50] [Step Debug] ERR: Could not connect to debugging client. Tried: host.docker.internal:9003 (through xdebug.client_host/xdebug.client_port).
[50] [Step Debug] INFO: Connecting to configured address/port: host.docker.internal:9003.
[50] [Step Debug] WARN: Creating socket for 'host.docker.internal:9003', poll success, but error: Operation in progress (29).
[50] [Step Debug] ERR: Could not connect to debugging client. Tried: host.docker.internal:9003 (through xdebug.client_host/xdebug.client_port).
[50] [Step Debug] INFO: Connecting to configured address/port: host.docker.internal:9003.
[50] [Step Debug] WARN: Creating socket for 'host.docker.internal:9003', poll success, but error: Operation in progress (29).
[50] [Step Debug] ERR: Could not connect to debugging client. Tried: host.docker.internal:9003 (through xdebug.client_host/xdebug.client_port).
[50] Log closed at 2024-01-08 15:19:45.477168

[53] Log opened at 2024-01-08 15:19:45.502326
[53] [Step Debug] INFO: Connecting to configured address/port: host.docker.internal:9003.
[53] [Step Debug] WARN: Creating socket for 'host.docker.internal:9003', poll success, but error: Operation in progress (29).
[53] [Step Debug] ERR: Could not connect to debugging client. Tried: host.docker.internal:9003 (through xdebug.client_host/xdebug.client_port).
[53] [Step Debug] INFO: Connecting to configured address/port: host.docker.internal:9003.
[53] [Step Debug] WARN: Creating socket for 'host.docker.internal:9003', poll success, but error: Operation in progress (29).
[53] [Step Debug] ERR: Could not connect to debugging client. Tried: host.docker.internal:9003 (through xdebug.client_host/xdebug.client_port).
[53] [Step Debug] INFO: Connecting to configured address/port: host.docker.internal:9003.
[53] [Step Debug] WARN: Creating socket for 'host.docker.internal:9003', poll success, but error: Operation in progress (29).
[53] [Step Debug] ERR: Could not connect to debugging client. Tried: host.docker.internal:9003 (through xdebug.client_host/xdebug.client_port).
[53] Log closed at 2024-01-08 15:19:45.561244

[18] Log closed at 2024-01-08 15:19:46.149828

[56] Log opened at 2024-01-08 15:19:49.644839
[56] [Step Debug] INFO: Connecting to configured address/port: host.docker.internal:9003.
[56] [Step Debug] WARN: Creating socket for 'host.docker.internal:9003', poll success, but error: Operation in progress (29).
[56] [Step Debug] ERR: Could not connect to debugging client. Tried: host.docker.internal:9003 (through xdebug.client_host/xdebug.client_port).
[58] Log opened at 2024-01-08 15:19:49.721151
[58] [Step Debug] INFO: Connecting to configured address/port: host.docker.internal:9003.
[58] [Step Debug] WARN: Creating socket for 'host.docker.internal:9003', poll success, but error: Operation in progress (29).
[58] [Step Debug] ERR: Could not connect to debugging client. Tried: host.docker.internal:9003 (through xdebug.client_host/xdebug.client_port).
[58] Log closed at 2024-01-08 15:19:49.832922

[56] [Step Debug] INFO: Connecting to configured address/port: host.docker.internal:9003.
[56] [Step Debug] WARN: Creating socket for 'host.docker.internal:9003', poll success, but error: Operation in progress (29).
[56] [Step Debug] ERR: Could not connect to debugging client. Tried: host.docker.internal:9003 (through xdebug.client_host/xdebug.client_port).
[56] [Step Debug] INFO: Connecting to configured address/port: host.docker.internal:9003.
[56] [Step Debug] WARN: Creating socket for 'host.docker.internal:9003', poll success, but error: Operation in progress (29).
[56] [Step Debug] ERR: Could not connect to debugging client. Tried: host.docker.internal:9003 (through xdebug.client_host/xdebug.client_port).
[56] Log closed at 2024-01-08 15:19:49.839761

[8] Log opened at 2024-01-08 15:24:26.066459
[8] [Step Debug] INFO: Connecting to configured address/port: host.docker.internal:9003.
[8] [Step Debug] WARN: Creating socket for 'host.docker.internal:9003', poll success, but error: Operation in progress (29).
[8] [Step Debug] ERR: Could not connect to debugging client. Tried: host.docker.internal:9003 (through xdebug.client_host/xdebug.client_port).
[8] [Step Debug] INFO: Connecting to configured address/port: host.docker.internal:9003.
[8] [Step Debug] WARN: Creating socket for 'host.docker.internal:9003', poll success, but error: Operation in progress (29).
[8] [Step Debug] ERR: Could not connect to debugging client. Tried: host.docker.internal:9003 (through xdebug.client_host/xdebug.client_port).
[8] [Step Debug] INFO: Connecting to configured address/port: host.docker.internal:9003.
[8] [Step Debug] WARN: Creating socket for 'host.docker.internal:9003', poll success, but error: Operation in progress (29).
[8] [Step Debug] ERR: Could not connect to debugging client. Tried: host.docker.internal:9003 (through xdebug.client_host/xdebug.client_port).
[8] [Step Debug] INFO: Connecting to configured address/port: host.docker.internal:9003.
[8] [Step Debug] WARN: Creating socket for 'host.docker.internal:9003', poll success, but error: Operation in progress (29).
[8] [Step Debug] ERR: Could not connect to debugging client. Tried: host.docker.internal:9003 (through xdebug.client_host/xdebug.client_port).
[8] Log closed at 2024-01-08 15:24:26.567683

[7] Log opened at 2024-01-08 15:35:20.083004
[7] [Step Debug] INFO: Connecting to configured address/port: host.docker.internal:9003.
[7] [Step Debug] WARN: Creating socket for 'host.docker.internal:9003', poll success, but error: Operation in progress (29).
[7] [Step Debug] ERR: Could not connect to debugging client. Tried: host.docker.internal:9003 (through xdebug.client_host/xdebug.client_port).
[7] [Step Debug] INFO: Connecting to configured address/port: host.docker.internal:9003.
[7] [Step Debug] WARN: Creating socket for 'host.docker.internal:9003', poll success, but error: Operation in progress (29).
[7] [Step Debug] ERR: Could not connect to debugging client. Tried: host.docker.internal:9003 (through xdebug.client_host/xdebug.client_port).
[7] [Step Debug] INFO: Connecting to configured address/port: host.docker.internal:9003.
[7] [Step Debug] WARN: Creating socket for 'host.docker.internal:9003', poll success, but error: Operation in progress (29).
[7] [Step Debug] ERR: Could not connect to debugging client. Tried: host.docker.internal:9003 (through xdebug.client_host/xdebug.client_port).
[7] [Step Debug] INFO: Connecting to configured address/port: host.docker.internal:9003.
[7] [Step Debug] WARN: Creating socket for 'host.docker.internal:9003', poll success, but error: Operation in progress (29).
[7] [Step Debug] ERR: Could not connect to debugging client. Tried: host.docker.internal:9003 (through xdebug.client_host/xdebug.client_port).
[7] Log closed at 2024-01-08 15:35:20.593386

[7] Log opened at 2024-01-08 15:37:35.052796
[7] [Step Debug] INFO: Connecting to configured address/port: host.docker.internal:9003.
[7] [Step Debug] WARN: Creating socket for 'host.docker.internal:9003', poll success, but error: Operation in progress (29).
[7] [Step Debug] ERR: Could not connect to debugging client. Tried: host.docker.internal:9003 (through xdebug.client_host/xdebug.client_port).
[7] [Step Debug] INFO: Connecting to configured address/port: host.docker.internal:9003.
[7] [Step Debug] WARN: Creating socket for 'host.docker.internal:9003', poll success, but error: Operation in progress (29).
[7] [Step Debug] ERR: Could not connect to debugging client. Tried: host.docker.internal:9003 (through xdebug.client_host/xdebug.client_port).
[7] [Step Debug] INFO: Connecting to configured address/port: host.docker.internal:9003.
[7] [Step Debug] WARN: Creating socket for 'host.docker.internal:9003', poll success, but error: Operation in progress (29).
[7] [Step Debug] ERR: Could not connect to debugging client. Tried: host.docker.internal:9003 (through xdebug.client_host/xdebug.client_port).
[7] Log closed at 2024-01-08 15:37:35.062224

[8] Log opened at 2024-01-08 15:39:58.599302
[8] [Step Debug] INFO: Connecting to configured address/port: host.docker.internal:9003.
[8] [Step Debug] WARN: Creating socket for 'host.docker.internal:9003', poll success, but error: Operation in progress (29).
[8] [Step Debug] ERR: Could not connect to debugging client. Tried: host.docker.internal:9003 (through xdebug.client_host/xdebug.client_port).
[8] [Step Debug] INFO: Connecting to configured address/port: host.docker.internal:9003.
[8] [Step Debug] WARN: Creating socket for 'host.docker.internal:9003', poll success, but error: Operation in progress (29).
[8] [Step Debug] ERR: Could not connect to debugging client. Tried: host.docker.internal:9003 (through xdebug.client_host/xdebug.client_port).
[8] [Step Debug] INFO: Connecting to configured address/port: host.docker.internal:9003.
[8] [Step Debug] WARN: Creating socket for 'host.docker.internal:9003', poll success, but error: Operation in progress (29).
[8] [Step Debug] ERR: Could not connect to debugging client. Tried: host.docker.internal:9003 (through xdebug.client_host/xdebug.client_port).
[8] Log closed at 2024-01-08 15:39:58.607180

[7] Log opened at 2024-01-08 15:40:50.849598
[7] [Step Debug] INFO: Connecting to configured address/port: host.docker.internal:9003.
[7] [Step Debug] WARN: Creating socket for 'host.docker.internal:9003', poll success, but error: Operation in progress (29).
[7] [Step Debug] ERR: Could not connect to debugging client. Tried: host.docker.internal:9003 (through xdebug.client_host/xdebug.client_port).
[7] [Step Debug] INFO: Connecting to configured address/port: host.docker.internal:9003.
[7] [Step Debug] WARN: Creating socket for 'host.docker.internal:9003', poll success, but error: Operation in progress (29).
[7] [Step Debug] ERR: Could not connect to debugging client. Tried: host.docker.internal:9003 (through xdebug.client_host/xdebug.client_port).
[7] [Step Debug] INFO: Connecting to configured address/port: host.docker.internal:9003.
[7] [Step Debug] WARN: Creating socket for 'host.docker.internal:9003', poll success, but error: Operation in progress (29).
[7] [Step Debug] ERR: Could not connect to debugging client. Tried: host.docker.internal:9003 (through xdebug.client_host/xdebug.client_port).
[7] Log closed at 2024-01-08 15:40:50.861458

[8] Log opened at 2024-01-08 15:40:52.910771
[8] [Step Debug] INFO: Connecting to configured address/port: host.docker.internal:9003.
[8] [Step Debug] WARN: Creating socket for 'host.docker.internal:9003', poll success, but error: Operation in progress (29).
[8] [Step Debug] ERR: Could not connect to debugging client. Tried: host.docker.internal:9003 (through xdebug.client_host/xdebug.client_port).
[8] [Step Debug] INFO: Connecting to configured address/port: host.docker.internal:9003.
[8] [Step Debug] WARN: Creating socket for 'host.docker.internal:9003', poll success, but error: Operation in progress (29).
[8] [Step Debug] ERR: Could not connect to debugging client. Tried: host.docker.internal:9003 (through xdebug.client_host/xdebug.client_port).
[8] [Step Debug] INFO: Connecting to configured address/port: host.docker.internal:9003.
[8] [Step Debug] WARN: Creating socket for 'host.docker.internal:9003', poll success, but error: Operation in progress (29).
[8] [Step Debug] ERR: Could not connect to debugging client. Tried: host.docker.internal:9003 (through xdebug.client_host/xdebug.client_port).
[8] Log closed at 2024-01-08 15:40:52.917169

[7] Log opened at 2024-01-08 15:41:53.949078
[7] [Step Debug] INFO: Connecting to configured address/port: host.docker.internal:9003.
[7] [Step Debug] WARN: Creating socket for 'host.docker.internal:9003', poll success, but error: Operation in progress (29).
[7] [Step Debug] ERR: Could not connect to debugging client. Tried: host.docker.internal:9003 (through xdebug.client_host/xdebug.client_port).
[7] [Step Debug] INFO: Connecting to configured address/port: host.docker.internal:9003.
[7] [Step Debug] WARN: Creating socket for 'host.docker.internal:9003', poll success, but error: Operation in progress (29).
[7] [Step Debug] ERR: Could not connect to debugging client. Tried: host.docker.internal:9003 (through xdebug.client_host/xdebug.client_port).
[7] [Step Debug] INFO: Connecting to configured address/port: host.docker.internal:9003.
[7] [Step Debug] WARN: Creating socket for 'host.docker.internal:9003', poll success, but error: Operation in progress (29).
[7] [Step Debug] ERR: Could not connect to debugging client. Tried: host.docker.internal:9003 (through xdebug.client_host/xdebug.client_port).
[7] Log closed at 2024-01-08 15:41:53.977821

[8] Log opened at 2024-01-08 15:43:03.237324
[8] [Step Debug] INFO: Connecting to configured address/port: host.docker.internal:9003.
[8] [Step Debug] WARN: Creating socket for 'host.docker.internal:9003', poll success, but error: Operation in progress (29).
[8] [Step Debug] ERR: Could not connect to debugging client. Tried: host.docker.internal:9003 (through xdebug.client_host/xdebug.client_port).
[8] [Step Debug] INFO: Connecting to configured address/port: host.docker.internal:9003.
[8] [Step Debug] WARN: Creating socket for 'host.docker.internal:9003', poll success, but error: Operation in progress (29).
[8] [Step Debug] ERR: Could not connect to debugging client. Tried: host.docker.internal:9003 (through xdebug.client_host/xdebug.client_port).
[8] [Step Debug] INFO: Connecting to configured address/port: host.docker.internal:9003.
[8] [Step Debug] WARN: Creating socket for 'host.docker.internal:9003', poll success, but error: Operation in progress (29).
[8] [Step Debug] ERR: Could not connect to debugging client. Tried: host.docker.internal:9003 (through xdebug.client_host/xdebug.client_port).
[8] Log closed at 2024-01-08 15:43:03.250552

[7] Log opened at 2024-01-08 15:43:05.406781
[7] [Step Debug] INFO: Connecting to configured address/port: host.docker.internal:9003.
[7] [Step Debug] WARN: Creating socket for 'host.docker.internal:9003', poll success, but error: Operation in progress (29).
[7] [Step Debug] ERR: Could not connect to debugging client. Tried: host.docker.internal:9003 (through xdebug.client_host/xdebug.client_port).
[7] [Step Debug] INFO: Connecting to configured address/port: host.docker.internal:9003.
[7] [Step Debug] WARN: Creating socket for 'host.docker.internal:9003', poll success, but error: Operation in progress (29).
[7] [Step Debug] ERR: Could not connect to debugging client. Tried: host.docker.internal:9003 (through xdebug.client_host/xdebug.client_port).
[7] [Step Debug] INFO: Connecting to configured address/port: host.docker.internal:9003.
[7] [Step Debug] WARN: Creating socket for 'host.docker.internal:9003', poll success, but error: Operation in progress (29).
[7] [Step Debug] ERR: Could not connect to debugging client. Tried: host.docker.internal:9003 (through xdebug.client_host/xdebug.client_port).
[7] Log closed at 2024-01-08 15:43:05.413458

[8] Log opened at 2024-01-08 15:46:44.058145
[8] [Step Debug] INFO: Connecting to configured address/port: host.docker.internal:9003.
[8] [Step Debug] WARN: Creating socket for 'host.docker.internal:9003', poll success, but error: Operation in progress (29).
[8] [Step Debug] ERR: Could not connect to debugging client. Tried: host.docker.internal:9003 (through xdebug.client_host/xdebug.client_port).
[8] [Step Debug] INFO: Connecting to configured address/port: host.docker.internal:9003.
[8] [Step Debug] WARN: Creating socket for 'host.docker.internal:9003', poll success, but error: Operation in progress (29).
[8] [Step Debug] ERR: Could not connect to debugging client. Tried: host.docker.internal:9003 (through xdebug.client_host/xdebug.client_port).
[8] [Step Debug] INFO: Connecting to configured address/port: host.docker.internal:9003.
[8] [Step Debug] WARN: Creating socket for 'host.docker.internal:9003', poll success, but error: Operation in progress (29).
[8] [Step Debug] ERR: Could not connect to debugging client. Tried: host.docker.internal:9003 (through xdebug.client_host/xdebug.client_port).
[8] Log closed at 2024-01-08 15:46:44.066300

[7] Log opened at 2024-01-08 16:35:38.460943
[7] [Step Debug] INFO: Connecting to configured address/port: host.docker.internal:9003.
[7] [Step Debug] WARN: Creating socket for 'host.docker.internal:9003', poll success, but error: Operation in progress (29).
[7] [Step Debug] ERR: Could not connect to debugging client. Tried: host.docker.internal:9003 (through xdebug.client_host/xdebug.client_port).
[7] [Step Debug] INFO: Connecting to configured address/port: host.docker.internal:9003.
[7] [Step Debug] WARN: Creating socket for 'host.docker.internal:9003', poll success, but error: Operation in progress (29).
[7] [Step Debug] ERR: Could not connect to debugging client. Tried: host.docker.internal:9003 (through xdebug.client_host/xdebug.client_port).
[7] [Step Debug] INFO: Connecting to configured address/port: host.docker.internal:9003.
[7] [Step Debug] WARN: Creating socket for 'host.docker.internal:9003', poll success, but error: Operation in progress (29).
[7] [Step Debug] ERR: Could not connect to debugging client. Tried: host.docker.internal:9003 (through xdebug.client_host/xdebug.client_port).
[7] Log closed at 2024-01-08 16:35:38.468908

[8] Log opened at 2024-01-08 16:38:18.447043
[8] [Step Debug] INFO: Connecting to configured address/port: host.docker.internal:9003.
[8] [Step Debug] WARN: Creating socket for 'host.docker.internal:9003', poll success, but error: Operation in progress (29).
[8] [Step Debug] ERR: Could not connect to debugging client. Tried: host.docker.internal:9003 (through xdebug.client_host/xdebug.client_port).
[8] [Step Debug] INFO: Connecting to configured address/port: host.docker.internal:9003.
[8] [Step Debug] WARN: Creating socket for 'host.docker.internal:9003', poll success, but error: Operation in progress (29).
[8] [Step Debug] ERR: Could not connect to debugging client. Tried: host.docker.internal:9003 (through xdebug.client_host/xdebug.client_port).
[8] [Step Debug] INFO: Connecting to configured address/port: host.docker.internal:9003.
[8] [Step Debug] WARN: Creating socket for 'host.docker.internal:9003', poll success, but error: Operation in progress (29).
[8] [Step Debug] ERR: Could not connect to debugging client. Tried: host.docker.internal:9003 (through xdebug.client_host/xdebug.client_port).
[8] Log closed at 2024-01-08 16:38:18.459772

[7] Log opened at 2024-01-08 16:38:59.508461
[7] [Step Debug] INFO: Connecting to configured address/port: host.docker.internal:9003.
[7] [Step Debug] WARN: Creating socket for 'host.docker.internal:9003', poll success, but error: Operation in progress (29).
[7] [Step Debug] ERR: Could not connect to debugging client. Tried: host.docker.internal:9003 (through xdebug.client_host/xdebug.client_port).
[7] [Step Debug] INFO: Connecting to configured address/port: host.docker.internal:9003.
[7] [Step Debug] WARN: Creating socket for 'host.docker.internal:9003', poll success, but error: Operation in progress (29).
[7] [Step Debug] ERR: Could not connect to debugging client. Tried: host.docker.internal:9003 (through xdebug.client_host/xdebug.client_port).
[7] [Step Debug] INFO: Connecting to configured address/port: host.docker.internal:9003.
[7] [Step Debug] WARN: Creating socket for 'host.docker.internal:9003', poll success, but error: Operation in progress (29).
[7] [Step Debug] ERR: Could not connect to debugging client. Tried: host.docker.internal:9003 (through xdebug.client_host/xdebug.client_port).
[7] Log closed at 2024-01-08 16:38:59.519031

[7] Log opened at 2024-01-08 17:03:51.894913
[7] [Step Debug] INFO: Connecting to configured address/port: host.docker.internal:9003.
[7] [Step Debug] WARN: Creating socket for 'host.docker.internal:9003', poll success, but error: Operation in progress (29).
[7] [Step Debug] ERR: Could not connect to debugging client. Tried: host.docker.internal:9003 (through xdebug.client_host/xdebug.client_port).
[7] [Step Debug] INFO: Connecting to configured address/port: host.docker.internal:9003.
[7] [Step Debug] WARN: Creating socket for 'host.docker.internal:9003', poll success, but error: Operation in progress (29).
[7] [Step Debug] ERR: Could not connect to debugging client. Tried: host.docker.internal:9003 (through xdebug.client_host/xdebug.client_port).
[7] [Step Debug] INFO: Connecting to configured address/port: host.docker.internal:9003.
[7] [Step Debug] WARN: Creating socket for 'host.docker.internal:9003', poll success, but error: Operation in progress (29).
[7] [Step Debug] ERR: Could not connect to debugging client. Tried: host.docker.internal:9003 (through xdebug.client_host/xdebug.client_port).
[7] Log closed at 2024-01-08 17:03:51.908878

[8] Log opened at 2024-01-08 17:04:50.087270
[8] [Step Debug] INFO: Connecting to configured address/port: host.docker.internal:9003.
[8] [Step Debug] WARN: Creating socket for 'host.docker.internal:9003', poll success, but error: Operation in progress (29).
[8] [Step Debug] ERR: Could not connect to debugging client. Tried: host.docker.internal:9003 (through xdebug.client_host/xdebug.client_port).
[8] [Step Debug] INFO: Connecting to configured address/port: host.docker.internal:9003.
[8] [Step Debug] WARN: Creating socket for 'host.docker.internal:9003', poll success, but error: Operation in progress (29).
[8] [Step Debug] ERR: Could not connect to debugging client. Tried: host.docker.internal:9003 (through xdebug.client_host/xdebug.client_port).
[8] [Step Debug] INFO: Connecting to configured address/port: host.docker.internal:9003.
[8] [Step Debug] WARN: Creating socket for 'host.docker.internal:9003', poll success, but error: Operation in progress (29).
[8] [Step Debug] ERR: Could not connect to debugging client. Tried: host.docker.internal:9003 (through xdebug.client_host/xdebug.client_port).
[8] Log closed at 2024-01-08 17:04:50.101043

[7] Log opened at 2024-01-08 17:08:01.249274
[7] [Step Debug] INFO: Connecting to configured address/port: host.docker.internal:9003.
[7] [Step Debug] WARN: Creating socket for 'host.docker.internal:9003', poll success, but error: Operation in progress (29).
[7] [Step Debug] ERR: Could not connect to debugging client. Tried: host.docker.internal:9003 (through xdebug.client_host/xdebug.client_port).
[7] [Step Debug] INFO: Connecting to configured address/port: host.docker.internal:9003.
[7] [Step Debug] WARN: Creating socket for 'host.docker.internal:9003', poll success, but error: Operation in progress (29).
[7] [Step Debug] ERR: Could not connect to debugging client. Tried: host.docker.internal:9003 (through xdebug.client_host/xdebug.client_port).
[7] [Step Debug] INFO: Connecting to configured address/port: host.docker.internal:9003.
[7] [Step Debug] WARN: Creating socket for 'host.docker.internal:9003', poll success, but error: Operation in progress (29).
[7] [Step Debug] ERR: Could not connect to debugging client. Tried: host.docker.internal:9003 (through xdebug.client_host/xdebug.client_port).
[7] Log closed at 2024-01-08 17:08:01.263116

[8] Log opened at 2024-01-08 17:08:55.824722
[8] [Step Debug] INFO: Connecting to configured address/port: host.docker.internal:9003.
[8] [Step Debug] WARN: Creating socket for 'host.docker.internal:9003', poll success, but error: Operation in progress (29).
[8] [Step Debug] ERR: Could not connect to debugging client. Tried: host.docker.internal:9003 (through xdebug.client_host/xdebug.client_port).
[8] [Step Debug] INFO: Connecting to configured address/port: host.docker.internal:9003.
[8] [Step Debug] WARN: Creating socket for 'host.docker.internal:9003', poll success, but error: Operation in progress (29).
[8] [Step Debug] ERR: Could not connect to debugging client. Tried: host.docker.internal:9003 (through xdebug.client_host/xdebug.client_port).
[8] [Step Debug] INFO: Connecting to configured address/port: host.docker.internal:9003.
[8] [Step Debug] WARN: Creating socket for 'host.docker.internal:9003', poll success, but error: Operation in progress (29).
[8] [Step Debug] ERR: Could not connect to debugging client. Tried: host.docker.internal:9003 (through xdebug.client_host/xdebug.client_port).
[8] Log closed at 2024-01-08 17:08:55.845713

[7] Log opened at 2024-01-08 17:11:29.231568
[7] [Step Debug] INFO: Connecting to configured address/port: host.docker.internal:9003.
[7] [Step Debug] WARN: Creating socket for 'host.docker.internal:9003', poll success, but error: Operation in progress (29).
[7] [Step Debug] ERR: Could not connect to debugging client. Tried: host.docker.internal:9003 (through xdebug.client_host/xdebug.client_port).
[7] [Step Debug] INFO: Connecting to configured address/port: host.docker.internal:9003.
[7] [Step Debug] WARN: Creating socket for 'host.docker.internal:9003', poll success, but error: Operation in progress (29).
[7] [Step Debug] ERR: Could not connect to debugging client. Tried: host.docker.internal:9003 (through xdebug.client_host/xdebug.client_port).
[7] [Step Debug] INFO: Connecting to configured address/port: host.docker.internal:9003.
[7] [Step Debug] WARN: Creating socket for 'host.docker.internal:9003', poll success, but error: Operation in progress (29).
[7] [Step Debug] ERR: Could not connect to debugging client. Tried: host.docker.internal:9003 (through xdebug.client_host/xdebug.client_port).
[7] Log closed at 2024-01-08 17:11:29.245210

[8] Log opened at 2024-01-08 17:12:42.188864
[8] [Step Debug] INFO: Connecting to configured address/port: host.docker.internal:9003.
[8] [Step Debug] WARN: Creating socket for 'host.docker.internal:9003', poll success, but error: Operation in progress (29).
[8] [Step Debug] ERR: Could not connect to debugging client. Tried: host.docker.internal:9003 (through xdebug.client_host/xdebug.client_port).
[8] [Step Debug] INFO: Connecting to configured address/port: host.docker.internal:9003.
[8] [Step Debug] WARN: Creating socket for 'host.docker.internal:9003', poll success, but error: Operation in progress (29).
[8] [Step Debug] ERR: Could not connect to debugging client. Tried: host.docker.internal:9003 (through xdebug.client_host/xdebug.client_port).
[8] [Step Debug] INFO: Connecting to configured address/port: host.docker.internal:9003.
[8] [Step Debug] WARN: Creating socket for 'host.docker.internal:9003', poll success, but error: Operation in progress (29).
[8] [Step Debug] ERR: Could not connect to debugging client. Tried: host.docker.internal:9003 (through xdebug.client_host/xdebug.client_port).
[8] Log closed at 2024-01-08 17:12:42.201955

[7] Log opened at 2024-01-08 17:17:14.026077
[7] [Step Debug] INFO: Connecting to configured address/port: host.docker.internal:9003.
[7] [Step Debug] WARN: Creating socket for 'host.docker.internal:9003', poll success, but error: Operation in progress (29).
[7] [Step Debug] ERR: Could not connect to debugging client. Tried: host.docker.internal:9003 (through xdebug.client_host/xdebug.client_port).
[7] [Step Debug] INFO: Connecting to configured address/port: host.docker.internal:9003.
[7] [Step Debug] WARN: Creating socket for 'host.docker.internal:9003', poll success, but error: Operation in progress (29).
[7] [Step Debug] ERR: Could not connect to debugging client. Tried: host.docker.internal:9003 (through xdebug.client_host/xdebug.client_port).
[7] [Step Debug] INFO: Connecting to configured address/port: host.docker.internal:9003.
[7] [Step Debug] WARN: Creating socket for 'host.docker.internal:9003', poll success, but error: Operation in progress (29).
[7] [Step Debug] ERR: Could not connect to debugging client. Tried: host.docker.internal:9003 (through xdebug.client_host/xdebug.client_port).
[7] Log closed at 2024-01-08 17:17:14.038426

[8] Log opened at 2024-01-08 17:18:29.900144
[8] [Step Debug] INFO: Connecting to configured address/port: host.docker.internal:9003.
[8] [Step Debug] WARN: Creating socket for 'host.docker.internal:9003', poll success, but error: Operation in progress (29).
[8] [Step Debug] ERR: Could not connect to debugging client. Tried: host.docker.internal:9003 (through xdebug.client_host/xdebug.client_port).
[8] [Step Debug] INFO: Connecting to configured address/port: host.docker.internal:9003.
[8] [Step Debug] WARN: Creating socket for 'host.docker.internal:9003', poll success, but error: Operation in progress (29).
[8] [Step Debug] ERR: Could not connect to debugging client. Tried: host.docker.internal:9003 (through xdebug.client_host/xdebug.client_port).
[8] [Step Debug] INFO: Connecting to configured address/port: host.docker.internal:9003.
[8] [Step Debug] WARN: Creating socket for 'host.docker.internal:9003', poll success, but error: Operation in progress (29).
[8] [Step Debug] ERR: Could not connect to debugging client. Tried: host.docker.internal:9003 (through xdebug.client_host/xdebug.client_port).
[8] Log closed at 2024-01-08 17:18:29.912690

[66] Log opened at 2024-01-08 18:00:14.379198
[66] [Step Debug] INFO: Connecting to configured address/port: host.docker.internal:9003.
[66] [Step Debug] WARN: Creating socket for 'host.docker.internal:9003', poll success, but error: Operation in progress (29).
[66] [Step Debug] ERR: Could not connect to debugging client. Tried: host.docker.internal:9003 (through xdebug.client_host/xdebug.client_port).
[170] Log opened at 2024-01-08 18:00:21.210345
[170] [Step Debug] INFO: Connecting to configured address/port: host.docker.internal:9003.
[170] [Step Debug] WARN: Creating socket for 'host.docker.internal:9003', poll success, but error: Operation in progress (29).
[170] [Step Debug] ERR: Could not connect to debugging client. Tried: host.docker.internal:9003 (through xdebug.client_host/xdebug.client_port).
[170] [Step Debug] INFO: Connecting to configured address/port: host.docker.internal:9003.
[170] [Step Debug] WARN: Creating socket for 'host.docker.internal:9003', poll success, but error: Operation in progress (29).
[170] [Step Debug] ERR: Could not connect to debugging client. Tried: host.docker.internal:9003 (through xdebug.client_host/xdebug.client_port).
[170] [Step Debug] INFO: Connecting to configured address/port: host.docker.internal:9003.
[170] [Step Debug] WARN: Creating socket for 'host.docker.internal:9003', poll success, but error: Operation in progress (29).
[170] [Step Debug] ERR: Could not connect to debugging client. Tried: host.docker.internal:9003 (through xdebug.client_host/xdebug.client_port).
[170] [Step Debug] INFO: Connecting to configured address/port: host.docker.internal:9003.
[170] [Step Debug] WARN: Creating socket for 'host.docker.internal:9003', poll success, but error: Operation in progress (29).
[170] [Step Debug] ERR: Could not connect to debugging client. Tried: host.docker.internal:9003 (through xdebug.client_host/xdebug.client_port).
[170] [Step Debug] INFO: Connecting to configured address/port: host.docker.internal:9003.
[170] [Step Debug] WARN: Creating socket for 'host.docker.internal:9003', poll success, but error: Operation in progress (29).
[170] [Step Debug] ERR: Could not connect to debugging client. Tried: host.docker.internal:9003 (through xdebug.client_host/xdebug.client_port).
[170] Log closed at 2024-01-08 18:00:23.050401

[173] Log opened at 2024-01-08 18:00:23.076157
[173] [Step Debug] INFO: Connecting to configured address/port: host.docker.internal:9003.
[173] [Step Debug] WARN: Creating socket for 'host.docker.internal:9003', poll success, but error: Operation in progress (29).
[173] [Step Debug] ERR: Could not connect to debugging client. Tried: host.docker.internal:9003 (through xdebug.client_host/xdebug.client_port).
[173] [Step Debug] INFO: Connecting to configured address/port: host.docker.internal:9003.
[173] [Step Debug] WARN: Creating socket for 'host.docker.internal:9003', poll success, but error: Operation in progress (29).
[173] [Step Debug] ERR: Could not connect to debugging client. Tried: host.docker.internal:9003 (through xdebug.client_host/xdebug.client_port).
[173] [Step Debug] INFO: Connecting to configured address/port: host.docker.internal:9003.
[173] [Step Debug] WARN: Creating socket for 'host.docker.internal:9003', poll success, but error: Operation in progress (29).
[173] [Step Debug] ERR: Could not connect to debugging client. Tried: host.docker.internal:9003 (through xdebug.client_host/xdebug.client_port).
[173] Log closed at 2024-01-08 18:00:23.138800

[66] Log closed at 2024-01-08 18:00:25.253348

[176] Log opened at 2024-01-08 18:07:50.993051
[176] [Step Debug] INFO: Connecting to configured address/port: host.docker.internal:9003.
[176] [Step Debug] WARN: Creating socket for 'host.docker.internal:9003', poll success, but error: Operation in progress (29).
[176] [Step Debug] ERR: Could not connect to debugging client. Tried: host.docker.internal:9003 (through xdebug.client_host/xdebug.client_port).
[176] [Step Debug] INFO: Connecting to configured address/port: host.docker.internal:9003.
[176] [Step Debug] WARN: Creating socket for 'host.docker.internal:9003', poll success, but error: Operation in progress (29).
[176] [Step Debug] ERR: Could not connect to debugging client. Tried: host.docker.internal:9003 (through xdebug.client_host/xdebug.client_port).
[176] [Step Debug] INFO: Connecting to configured address/port: host.docker.internal:9003.
[176] [Step Debug] WARN: Creating socket for 'host.docker.internal:9003', poll success, but error: Operation in progress (29).
[176] [Step Debug] ERR: Could not connect to debugging client. Tried: host.docker.internal:9003 (through xdebug.client_host/xdebug.client_port).
[176] Log closed at 2024-01-08 18:08:00.952960

[183] Log opened at 2024-01-08 18:12:52.616662
[183] [Step Debug] INFO: Connecting to configured address/port: host.docker.internal:9003.
[183] [Step Debug] WARN: Creating socket for 'host.docker.internal:9003', poll success, but error: Operation in progress (29).
[183] [Step Debug] ERR: Could not connect to debugging client. Tried: host.docker.internal:9003 (through xdebug.client_host/xdebug.client_port).
[183] [Step Debug] INFO: Connecting to configured address/port: host.docker.internal:9003.
[183] [Step Debug] WARN: Creating socket for 'host.docker.internal:9003', poll success, but error: Operation in progress (29).
[183] [Step Debug] ERR: Could not connect to debugging client. Tried: host.docker.internal:9003 (through xdebug.client_host/xdebug.client_port).
[183] [Step Debug] INFO: Connecting to configured address/port: host.docker.internal:9003.
[183] [Step Debug] WARN: Creating socket for 'host.docker.internal:9003', poll success, but error: Operation in progress (29).
[183] [Step Debug] ERR: Could not connect to debugging client. Tried: host.docker.internal:9003 (through xdebug.client_host/xdebug.client_port).
[183] Log closed at 2024-01-08 18:12:52.701289

[16] Log opened at 2024-01-09 05:11:27.314927
[16] [Step Debug] INFO: Connecting to configured address/port: host.docker.internal:9003.
[16] [Step Debug] WARN: Creating socket for 'host.docker.internal:9003', poll success, but error: Operation in progress (29).
[16] [Step Debug] ERR: Could not connect to debugging client. Tried: host.docker.internal:9003 (through xdebug.client_host/xdebug.client_port).
[41] Log opened at 2024-01-09 05:11:29.899037
[41] [Step Debug] INFO: Connecting to configured address/port: host.docker.internal:9003.
[41] [Step Debug] WARN: Creating socket for 'host.docker.internal:9003', poll success, but error: Operation in progress (29).
[41] [Step Debug] ERR: Could not connect to debugging client. Tried: host.docker.internal:9003 (through xdebug.client_host/xdebug.client_port).
[41] [Step Debug] INFO: Connecting to configured address/port: host.docker.internal:9003.
[41] [Step Debug] WARN: Creating socket for 'host.docker.internal:9003', poll success, but error: Operation in progress (29).
[41] [Step Debug] ERR: Could not connect to debugging client. Tried: host.docker.internal:9003 (through xdebug.client_host/xdebug.client_port).
[41] [Step Debug] INFO: Connecting to configured address/port: host.docker.internal:9003.
[41] [Step Debug] WARN: Creating socket for 'host.docker.internal:9003', poll success, but error: Operation in progress (29).
[41] [Step Debug] ERR: Could not connect to debugging client. Tried: host.docker.internal:9003 (through xdebug.client_host/xdebug.client_port).
[41] [Step Debug] INFO: Connecting to configured address/port: host.docker.internal:9003.
[41] [Step Debug] WARN: Creating socket for 'host.docker.internal:9003', poll success, but error: Operation in progress (29).
[41] [Step Debug] ERR: Could not connect to debugging client. Tried: host.docker.internal:9003 (through xdebug.client_host/xdebug.client_port).
[41] [Step Debug] INFO: Connecting to configured address/port: host.docker.internal:9003.
[41] [Step Debug] WARN: Creating socket for 'host.docker.internal:9003', poll success, but error: Operation in progress (29).
[41] [Step Debug] ERR: Could not connect to debugging client. Tried: host.docker.internal:9003 (through xdebug.client_host/xdebug.client_port).
[41] Log closed at 2024-01-09 05:11:30.592527

[44] Log opened at 2024-01-09 05:11:30.617900
[44] [Step Debug] INFO: Connecting to configured address/port: host.docker.internal:9003.
[44] [Step Debug] WARN: Creating socket for 'host.docker.internal:9003', poll success, but error: Operation in progress (29).
[44] [Step Debug] ERR: Could not connect to debugging client. Tried: host.docker.internal:9003 (through xdebug.client_host/xdebug.client_port).
[44] [Step Debug] INFO: Connecting to configured address/port: host.docker.internal:9003.
[44] [Step Debug] WARN: Creating socket for 'host.docker.internal:9003', poll success, but error: Operation in progress (29).
[44] [Step Debug] ERR: Could not connect to debugging client. Tried: host.docker.internal:9003 (through xdebug.client_host/xdebug.client_port).
[44] [Step Debug] INFO: Connecting to configured address/port: host.docker.internal:9003.
[44] [Step Debug] WARN: Creating socket for 'host.docker.internal:9003', poll success, but error: Operation in progress (29).
[44] [Step Debug] ERR: Could not connect to debugging client. Tried: host.docker.internal:9003 (through xdebug.client_host/xdebug.client_port).
[44] Log closed at 2024-01-09 05:11:30.684007

[16] Log closed at 2024-01-09 05:11:31.368376

[7] Log opened at 2024-01-09 07:03:44.166762
[7] [Step Debug] INFO: Connecting to configured address/port: host.docker.internal:9003.
[7] [Step Debug] WARN: Creating socket for 'host.docker.internal:9003', poll success, but error: Operation in progress (29).
[7] [Step Debug] ERR: Could not connect to debugging client. Tried: host.docker.internal:9003 (through xdebug.client_host/xdebug.client_port).
[7] [Step Debug] INFO: Connecting to configured address/port: host.docker.internal:9003.
[7] [Step Debug] WARN: Creating socket for 'host.docker.internal:9003', poll success, but error: Operation in progress (29).
[7] [Step Debug] ERR: Could not connect to debugging client. Tried: host.docker.internal:9003 (through xdebug.client_host/xdebug.client_port).
[7] [Step Debug] INFO: Connecting to configured address/port: host.docker.internal:9003.
[7] [Step Debug] WARN: Creating socket for 'host.docker.internal:9003', poll success, but error: Operation in progress (29).
[7] [Step Debug] ERR: Could not connect to debugging client. Tried: host.docker.internal:9003 (through xdebug.client_host/xdebug.client_port).
[7] [Step Debug] INFO: Connecting to configured address/port: host.docker.internal:9003.
[7] [Step Debug] WARN: Creating socket for 'host.docker.internal:9003', poll success, but error: Operation in progress (29).
[7] [Step Debug] ERR: Could not connect to debugging client. Tried: host.docker.internal:9003 (through xdebug.client_host/xdebug.client_port).
[7] Log closed at 2024-01-09 07:03:45.366973

[8] Log opened at 2024-01-09 07:51:53.207367
[8] [Step Debug] INFO: Connecting to configured address/port: host.docker.internal:9003.
[8] [Step Debug] WARN: Creating socket for 'host.docker.internal:9003', poll success, but error: Operation in progress (29).
[8] [Step Debug] ERR: Could not connect to debugging client. Tried: host.docker.internal:9003 (through xdebug.client_host/xdebug.client_port).
[8] [Step Debug] INFO: Connecting to configured address/port: host.docker.internal:9003.
[8] [Step Debug] WARN: Creating socket for 'host.docker.internal:9003', poll success, but error: Operation in progress (29).
[8] [Step Debug] ERR: Could not connect to debugging client. Tried: host.docker.internal:9003 (through xdebug.client_host/xdebug.client_port).
[8] [Step Debug] INFO: Connecting to configured address/port: host.docker.internal:9003.
[8] [Step Debug] WARN: Creating socket for 'host.docker.internal:9003', poll success, but error: Operation in progress (29).
[8] [Step Debug] ERR: Could not connect to debugging client. Tried: host.docker.internal:9003 (through xdebug.client_host/xdebug.client_port).
[8] Log closed at 2024-01-09 07:51:53.249548

[7] Log opened at 2024-01-09 08:04:46.050788
[7] [Step Debug] INFO: Connecting to configured address/port: host.docker.internal:9003.
[7] [Step Debug] WARN: Creating socket for 'host.docker.internal:9003', poll success, but error: Operation in progress (29).
[7] [Step Debug] ERR: Could not connect to debugging client. Tried: host.docker.internal:9003 (through xdebug.client_host/xdebug.client_port).
[7] [Step Debug] INFO: Connecting to configured address/port: host.docker.internal:9003.
[7] [Step Debug] WARN: Creating socket for 'host.docker.internal:9003', poll success, but error: Operation in progress (29).
[7] [Step Debug] ERR: Could not connect to debugging client. Tried: host.docker.internal:9003 (through xdebug.client_host/xdebug.client_port).
[7] [Step Debug] INFO: Connecting to configured address/port: host.docker.internal:9003.
[7] [Step Debug] WARN: Creating socket for 'host.docker.internal:9003', poll success, but error: Operation in progress (29).
[7] [Step Debug] ERR: Could not connect to debugging client. Tried: host.docker.internal:9003 (through xdebug.client_host/xdebug.client_port).
[7] [Step Debug] INFO: Connecting to configured address/port: host.docker.internal:9003.
[7] [Step Debug] WARN: Creating socket for 'host.docker.internal:9003', poll success, but error: Operation in progress (29).
[7] [Step Debug] ERR: Could not connect to debugging client. Tried: host.docker.internal:9003 (through xdebug.client_host/xdebug.client_port).
[7] Log closed at 2024-01-09 08:04:46.547893

[8] Log opened at 2024-01-09 08:06:02.005268
[8] [Step Debug] INFO: Connecting to configured address/port: host.docker.internal:9003.
[8] [Step Debug] WARN: Creating socket for 'host.docker.internal:9003', poll success, but error: Operation in progress (29).
[8] [Step Debug] ERR: Could not connect to debugging client. Tried: host.docker.internal:9003 (through xdebug.client_host/xdebug.client_port).
[8] [Step Debug] INFO: Connecting to configured address/port: host.docker.internal:9003.
[8] [Step Debug] WARN: Creating socket for 'host.docker.internal:9003', poll success, but error: Operation in progress (29).
[8] [Step Debug] ERR: Could not connect to debugging client. Tried: host.docker.internal:9003 (through xdebug.client_host/xdebug.client_port).
[8] [Step Debug] INFO: Connecting to configured address/port: host.docker.internal:9003.
[8] [Step Debug] WARN: Creating socket for 'host.docker.internal:9003', poll success, but error: Operation in progress (29).
[8] [Step Debug] ERR: Could not connect to debugging client. Tried: host.docker.internal:9003 (through xdebug.client_host/xdebug.client_port).
[8] Log closed at 2024-01-09 08:06:02.038352

[7] Log opened at 2024-01-09 08:06:16.192993
[7] [Step Debug] INFO: Connecting to configured address/port: host.docker.internal:9003.
[7] [Step Debug] WARN: Creating socket for 'host.docker.internal:9003', poll success, but error: Operation in progress (29).
[7] [Step Debug] ERR: Could not connect to debugging client. Tried: host.docker.internal:9003 (through xdebug.client_host/xdebug.client_port).
[7] [Step Debug] INFO: Connecting to configured address/port: host.docker.internal:9003.
[7] [Step Debug] WARN: Creating socket for 'host.docker.internal:9003', poll success, but error: Operation in progress (29).
[7] [Step Debug] ERR: Could not connect to debugging client. Tried: host.docker.internal:9003 (through xdebug.client_host/xdebug.client_port).
[7] [Step Debug] INFO: Connecting to configured address/port: host.docker.internal:9003.
[7] [Step Debug] WARN: Creating socket for 'host.docker.internal:9003', poll success, but error: Operation in progress (29).
[7] [Step Debug] ERR: Could not connect to debugging client. Tried: host.docker.internal:9003 (through xdebug.client_host/xdebug.client_port).
[7] Log closed at 2024-01-09 08:06:16.227953

[53] Log opened at 2024-01-09 09:42:43.090246
[53] [Step Debug] INFO: Connecting to configured address/port: host.docker.internal:9003.
[53] [Step Debug] WARN: Creating socket for 'host.docker.internal:9003', poll success, but error: Operation in progress (29).
[53] [Step Debug] ERR: Could not connect to debugging client. Tried: host.docker.internal:9003 (through xdebug.client_host/xdebug.client_port).
[156] Log opened at 2024-01-09 09:42:49.372957
[156] [Step Debug] INFO: Connecting to configured address/port: host.docker.internal:9003.
[156] [Step Debug] WARN: Creating socket for 'host.docker.internal:9003', poll success, but error: Operation in progress (29).
[156] [Step Debug] ERR: Could not connect to debugging client. Tried: host.docker.internal:9003 (through xdebug.client_host/xdebug.client_port).
[156] [Step Debug] INFO: Connecting to configured address/port: host.docker.internal:9003.
[156] [Step Debug] WARN: Creating socket for 'host.docker.internal:9003', poll success, but error: Operation in progress (29).
[156] [Step Debug] ERR: Could not connect to debugging client. Tried: host.docker.internal:9003 (through xdebug.client_host/xdebug.client_port).
[156] [Step Debug] INFO: Connecting to configured address/port: host.docker.internal:9003.
[156] [Step Debug] WARN: Creating socket for 'host.docker.internal:9003', poll success, but error: Operation in progress (29).
[156] [Step Debug] ERR: Could not connect to debugging client. Tried: host.docker.internal:9003 (through xdebug.client_host/xdebug.client_port).
[156] [Step Debug] INFO: Connecting to configured address/port: host.docker.internal:9003.
[156] [Step Debug] WARN: Creating socket for 'host.docker.internal:9003', poll success, but error: Operation in progress (29).
[156] [Step Debug] ERR: Could not connect to debugging client. Tried: host.docker.internal:9003 (through xdebug.client_host/xdebug.client_port).
[156] [Step Debug] INFO: Connecting to configured address/port: host.docker.internal:9003.
[156] [Step Debug] WARN: Creating socket for 'host.docker.internal:9003', poll success, but error: Operation in progress (29).
[156] [Step Debug] ERR: Could not connect to debugging client. Tried: host.docker.internal:9003 (through xdebug.client_host/xdebug.client_port).
[156] Log closed at 2024-01-09 09:42:50.173869

[159] Log opened at 2024-01-09 09:42:50.200261
[159] [Step Debug] INFO: Connecting to configured address/port: host.docker.internal:9003.
[159] [Step Debug] WARN: Creating socket for 'host.docker.internal:9003', poll success, but error: Operation in progress (29).
[159] [Step Debug] ERR: Could not connect to debugging client. Tried: host.docker.internal:9003 (through xdebug.client_host/xdebug.client_port).
[159] [Step Debug] INFO: Connecting to configured address/port: host.docker.internal:9003.
[159] [Step Debug] WARN: Creating socket for 'host.docker.internal:9003', poll success, but error: Operation in progress (29).
[159] [Step Debug] ERR: Could not connect to debugging client. Tried: host.docker.internal:9003 (through xdebug.client_host/xdebug.client_port).
[159] [Step Debug] INFO: Connecting to configured address/port: host.docker.internal:9003.
[159] [Step Debug] WARN: Creating socket for 'host.docker.internal:9003', poll success, but error: Operation in progress (29).
[159] [Step Debug] ERR: Could not connect to debugging client. Tried: host.docker.internal:9003 (through xdebug.client_host/xdebug.client_port).
[159] Log closed at 2024-01-09 09:42:50.274794

[53] Log closed at 2024-01-09 09:42:50.411134

[162] Log opened at 2024-01-09 09:43:20.260499
[162] [Step Debug] INFO: Connecting to configured address/port: host.docker.internal:9003.
[162] [Step Debug] WARN: Creating socket for 'host.docker.internal:9003', poll success, but error: Operation in progress (29).
[162] [Step Debug] ERR: Could not connect to debugging client. Tried: host.docker.internal:9003 (through xdebug.client_host/xdebug.client_port).
[162] Log closed at 2024-01-09 09:43:20.736734

[8] Log opened at 2024-01-09 09:00:46.029064
[8] [Step Debug] INFO: Connecting to configured address/port: host.docker.internal:9003.
[8] [Step Debug] WARN: Creating socket for 'host.docker.internal:9003', poll success, but error: Operation in progress (29).
[8] [Step Debug] ERR: Could not connect to debugging client. Tried: host.docker.internal:9003 (through xdebug.client_host/xdebug.client_port).
[8] [Step Debug] INFO: Connecting to configured address/port: host.docker.internal:9003.
[8] [Step Debug] WARN: Creating socket for 'host.docker.internal:9003', poll success, but error: Operation in progress (29).
[8] [Step Debug] ERR: Could not connect to debugging client. Tried: host.docker.internal:9003 (through xdebug.client_host/xdebug.client_port).
[8] [Step Debug] INFO: Connecting to configured address/port: host.docker.internal:9003.
[8] [Step Debug] WARN: Creating socket for 'host.docker.internal:9003', poll success, but error: Operation in progress (29).
[8] [Step Debug] ERR: Could not connect to debugging client. Tried: host.docker.internal:9003 (through xdebug.client_host/xdebug.client_port).
[8] Log closed at 2024-01-09 09:00:46.122647

[7] Log opened at 2024-01-09 09:00:47.786123
[7] [Step Debug] INFO: Connecting to configured address/port: host.docker.internal:9003.
[7] [Step Debug] WARN: Creating socket for 'host.docker.internal:9003', poll success, but error: Operation in progress (29).
[7] [Step Debug] ERR: Could not connect to debugging client. Tried: host.docker.internal:9003 (through xdebug.client_host/xdebug.client_port).
[7] [Step Debug] INFO: Connecting to configured address/port: host.docker.internal:9003.
[7] [Step Debug] WARN: Creating socket for 'host.docker.internal:9003', poll success, but error: Operation in progress (29).
[7] [Step Debug] ERR: Could not connect to debugging client. Tried: host.docker.internal:9003 (through xdebug.client_host/xdebug.client_port).
[7] [Step Debug] INFO: Connecting to configured address/port: host.docker.internal:9003.
[7] [Step Debug] WARN: Creating socket for 'host.docker.internal:9003', poll success, but error: Operation in progress (29).
[7] [Step Debug] ERR: Could not connect to debugging client. Tried: host.docker.internal:9003 (through xdebug.client_host/xdebug.client_port).
[7] Log closed at 2024-01-09 09:00:47.819960

[8] Log opened at 2024-01-09 09:01:30.728537
[8] [Step Debug] INFO: Connecting to configured address/port: host.docker.internal:9003.
[8] [Step Debug] WARN: Creating socket for 'host.docker.internal:9003', poll success, but error: Operation in progress (29).
[8] [Step Debug] ERR: Could not connect to debugging client. Tried: host.docker.internal:9003 (through xdebug.client_host/xdebug.client_port).
[8] [Step Debug] INFO: Connecting to configured address/port: host.docker.internal:9003.
[8] [Step Debug] WARN: Creating socket for 'host.docker.internal:9003', poll success, but error: Operation in progress (29).
[8] [Step Debug] ERR: Could not connect to debugging client. Tried: host.docker.internal:9003 (through xdebug.client_host/xdebug.client_port).
[8] [Step Debug] INFO: Connecting to configured address/port: host.docker.internal:9003.
[8] [Step Debug] WARN: Creating socket for 'host.docker.internal:9003', poll success, but error: Operation in progress (29).
[8] [Step Debug] ERR: Could not connect to debugging client. Tried: host.docker.internal:9003 (through xdebug.client_host/xdebug.client_port).
[8] Log closed at 2024-01-09 09:01:30.762943

[7] Log opened at 2024-01-09 09:04:21.714726
[7] [Step Debug] INFO: Connecting to configured address/port: host.docker.internal:9003.
[7] [Step Debug] WARN: Creating socket for 'host.docker.internal:9003', poll success, but error: Operation in progress (29).
[7] [Step Debug] ERR: Could not connect to debugging client. Tried: host.docker.internal:9003 (through xdebug.client_host/xdebug.client_port).
[7] [Step Debug] INFO: Connecting to configured address/port: host.docker.internal:9003.
[7] [Step Debug] WARN: Creating socket for 'host.docker.internal:9003', poll success, but error: Operation in progress (29).
[7] [Step Debug] ERR: Could not connect to debugging client. Tried: host.docker.internal:9003 (through xdebug.client_host/xdebug.client_port).
[7] [Step Debug] INFO: Connecting to configured address/port: host.docker.internal:9003.
[7] [Step Debug] WARN: Creating socket for 'host.docker.internal:9003', poll success, but error: Operation in progress (29).
[7] [Step Debug] ERR: Could not connect to debugging client. Tried: host.docker.internal:9003 (through xdebug.client_host/xdebug.client_port).
[7] Log closed at 2024-01-09 09:04:22.306162

[8] Log opened at 2024-01-09 09:06:21.309268
[8] [Step Debug] INFO: Connecting to configured address/port: host.docker.internal:9003.
[8] [Step Debug] WARN: Creating socket for 'host.docker.internal:9003', poll success, but error: Operation in progress (29).
[8] [Step Debug] ERR: Could not connect to debugging client. Tried: host.docker.internal:9003 (through xdebug.client_host/xdebug.client_port).
[8] [Step Debug] INFO: Connecting to configured address/port: host.docker.internal:9003.
[8] [Step Debug] WARN: Creating socket for 'host.docker.internal:9003', poll success, but error: Operation in progress (29).
[8] [Step Debug] ERR: Could not connect to debugging client. Tried: host.docker.internal:9003 (through xdebug.client_host/xdebug.client_port).
[8] [Step Debug] INFO: Connecting to configured address/port: host.docker.internal:9003.
[8] [Step Debug] WARN: Creating socket for 'host.docker.internal:9003', poll success, but error: Operation in progress (29).
[8] [Step Debug] ERR: Could not connect to debugging client. Tried: host.docker.internal:9003 (through xdebug.client_host/xdebug.client_port).
[8] Log closed at 2024-01-09 09:06:21.348020

[7] Log opened at 2024-01-09 09:08:29.359052
[7] [Step Debug] INFO: Connecting to configured address/port: host.docker.internal:9003.
[7] [Step Debug] WARN: Creating socket for 'host.docker.internal:9003', poll success, but error: Operation in progress (29).
[7] [Step Debug] ERR: Could not connect to debugging client. Tried: host.docker.internal:9003 (through xdebug.client_host/xdebug.client_port).
[7] [Step Debug] INFO: Connecting to configured address/port: host.docker.internal:9003.
[7] [Step Debug] WARN: Creating socket for 'host.docker.internal:9003', poll success, but error: Operation in progress (29).
[7] [Step Debug] ERR: Could not connect to debugging client. Tried: host.docker.internal:9003 (through xdebug.client_host/xdebug.client_port).
[7] [Step Debug] INFO: Connecting to configured address/port: host.docker.internal:9003.
[7] [Step Debug] WARN: Creating socket for 'host.docker.internal:9003', poll success, but error: Operation in progress (29).
[7] [Step Debug] ERR: Could not connect to debugging client. Tried: host.docker.internal:9003 (through xdebug.client_host/xdebug.client_port).
[7] Log closed at 2024-01-09 09:09:29.374099

[8] Log opened at 2024-01-09 09:15:16.413673
[8] [Step Debug] INFO: Connecting to configured address/port: host.docker.internal:9003.
[8] [Step Debug] WARN: Creating socket for 'host.docker.internal:9003', poll success, but error: Operation in progress (29).
[8] [Step Debug] ERR: Could not connect to debugging client. Tried: host.docker.internal:9003 (through xdebug.client_host/xdebug.client_port).
[8] [Step Debug] INFO: Connecting to configured address/port: host.docker.internal:9003.
[8] [Step Debug] WARN: Creating socket for 'host.docker.internal:9003', poll success, but error: Operation in progress (29).
[8] [Step Debug] ERR: Could not connect to debugging client. Tried: host.docker.internal:9003 (through xdebug.client_host/xdebug.client_port).
[8] [Step Debug] INFO: Connecting to configured address/port: host.docker.internal:9003.
[8] [Step Debug] WARN: Creating socket for 'host.docker.internal:9003', poll success, but error: Operation in progress (29).
[8] [Step Debug] ERR: Could not connect to debugging client. Tried: host.docker.internal:9003 (through xdebug.client_host/xdebug.client_port).
[8] Log closed at 2024-01-09 09:17:30.563194

[7] Log opened at 2024-01-09 09:28:15.446784
[7] [Step Debug] INFO: Connecting to configured address/port: host.docker.internal:9003.
[7] [Step Debug] WARN: Creating socket for 'host.docker.internal:9003', poll success, but error: Operation in progress (29).
[7] [Step Debug] ERR: Could not connect to debugging client. Tried: host.docker.internal:9003 (through xdebug.client_host/xdebug.client_port).
[7] [Step Debug] INFO: Connecting to configured address/port: host.docker.internal:9003.
[7] [Step Debug] WARN: Creating socket for 'host.docker.internal:9003', poll success, but error: Operation in progress (29).
[7] [Step Debug] ERR: Could not connect to debugging client. Tried: host.docker.internal:9003 (through xdebug.client_host/xdebug.client_port).
[7] [Step Debug] INFO: Connecting to configured address/port: host.docker.internal:9003.
[7] [Step Debug] WARN: Creating socket for 'host.docker.internal:9003', poll success, but error: Operation in progress (29).
[7] [Step Debug] ERR: Could not connect to debugging client. Tried: host.docker.internal:9003 (through xdebug.client_host/xdebug.client_port).
[7] Log closed at 2024-01-09 09:28:16.018732

[8] Log opened at 2024-01-09 09:31:53.236590
[8] [Step Debug] INFO: Connecting to configured address/port: host.docker.internal:9003.
[8] [Step Debug] WARN: Creating socket for 'host.docker.internal:9003', poll success, but error: Operation in progress (29).
[8] [Step Debug] ERR: Could not connect to debugging client. Tried: host.docker.internal:9003 (through xdebug.client_host/xdebug.client_port).
[8] [Step Debug] INFO: Connecting to configured address/port: host.docker.internal:9003.
[8] [Step Debug] WARN: Creating socket for 'host.docker.internal:9003', poll success, but error: Operation in progress (29).
[8] [Step Debug] ERR: Could not connect to debugging client. Tried: host.docker.internal:9003 (through xdebug.client_host/xdebug.client_port).
[8] [Step Debug] INFO: Connecting to configured address/port: host.docker.internal:9003.
[8] [Step Debug] WARN: Creating socket for 'host.docker.internal:9003', poll success, but error: Operation in progress (29).
[8] [Step Debug] ERR: Could not connect to debugging client. Tried: host.docker.internal:9003 (through xdebug.client_host/xdebug.client_port).
[8] Log closed at 2024-01-09 09:31:54.365806

[7] Log opened at 2024-01-09 09:32:12.876785
[7] [Step Debug] INFO: Connecting to configured address/port: host.docker.internal:9003.
[7] [Step Debug] WARN: Creating socket for 'host.docker.internal:9003', poll success, but error: Operation in progress (29).
[7] [Step Debug] ERR: Could not connect to debugging client. Tried: host.docker.internal:9003 (through xdebug.client_host/xdebug.client_port).
[7] [Step Debug] INFO: Connecting to configured address/port: host.docker.internal:9003.
[7] [Step Debug] WARN: Creating socket for 'host.docker.internal:9003', poll success, but error: Operation in progress (29).
[7] [Step Debug] ERR: Could not connect to debugging client. Tried: host.docker.internal:9003 (through xdebug.client_host/xdebug.client_port).
[7] [Step Debug] INFO: Connecting to configured address/port: host.docker.internal:9003.
[7] [Step Debug] WARN: Creating socket for 'host.docker.internal:9003', poll success, but error: Operation in progress (29).
[7] [Step Debug] ERR: Could not connect to debugging client. Tried: host.docker.internal:9003 (through xdebug.client_host/xdebug.client_port).
[7] Log closed at 2024-01-09 09:32:13.463047

[8] Log opened at 2024-01-09 09:33:34.580635
[8] [Step Debug] INFO: Connecting to configured address/port: host.docker.internal:9003.
[8] [Step Debug] WARN: Creating socket for 'host.docker.internal:9003', poll success, but error: Operation in progress (29).
[8] [Step Debug] ERR: Could not connect to debugging client. Tried: host.docker.internal:9003 (through xdebug.client_host/xdebug.client_port).
[8] [Step Debug] INFO: Connecting to configured address/port: host.docker.internal:9003.
[8] [Step Debug] WARN: Creating socket for 'host.docker.internal:9003', poll success, but error: Operation in progress (29).
[8] [Step Debug] ERR: Could not connect to debugging client. Tried: host.docker.internal:9003 (through xdebug.client_host/xdebug.client_port).
[8] [Step Debug] INFO: Connecting to configured address/port: host.docker.internal:9003.
[8] [Step Debug] WARN: Creating socket for 'host.docker.internal:9003', poll success, but error: Operation in progress (29).
[8] [Step Debug] ERR: Could not connect to debugging client. Tried: host.docker.internal:9003 (through xdebug.client_host/xdebug.client_port).
[8] Log closed at 2024-01-09 09:33:35.180806

[7] Log opened at 2024-01-09 09:34:01.432719
[7] [Step Debug] INFO: Connecting to configured address/port: host.docker.internal:9003.
[7] [Step Debug] WARN: Creating socket for 'host.docker.internal:9003', poll success, but error: Operation in progress (29).
[7] [Step Debug] ERR: Could not connect to debugging client. Tried: host.docker.internal:9003 (through xdebug.client_host/xdebug.client_port).
[7] [Step Debug] INFO: Connecting to configured address/port: host.docker.internal:9003.
[7] [Step Debug] WARN: Creating socket for 'host.docker.internal:9003', poll success, but error: Operation in progress (29).
[7] [Step Debug] ERR: Could not connect to debugging client. Tried: host.docker.internal:9003 (through xdebug.client_host/xdebug.client_port).
[7] [Step Debug] INFO: Connecting to configured address/port: host.docker.internal:9003.
[7] [Step Debug] WARN: Creating socket for 'host.docker.internal:9003', poll success, but error: Operation in progress (29).
[7] [Step Debug] ERR: Could not connect to debugging client. Tried: host.docker.internal:9003 (through xdebug.client_host/xdebug.client_port).
[7] Log closed at 2024-01-09 09:34:02.032396

[8] Log opened at 2024-01-09 09:37:19.642548
[8] [Step Debug] INFO: Connecting to configured address/port: host.docker.internal:9003.
[8] [Step Debug] WARN: Creating socket for 'host.docker.internal:9003', poll success, but error: Operation in progress (29).
[8] [Step Debug] ERR: Could not connect to debugging client. Tried: host.docker.internal:9003 (through xdebug.client_host/xdebug.client_port).
[8] [Step Debug] INFO: Connecting to configured address/port: host.docker.internal:9003.
[8] [Step Debug] WARN: Creating socket for 'host.docker.internal:9003', poll success, but error: Operation in progress (29).
[8] [Step Debug] ERR: Could not connect to debugging client. Tried: host.docker.internal:9003 (through xdebug.client_host/xdebug.client_port).
[8] [Step Debug] INFO: Connecting to configured address/port: host.docker.internal:9003.
[8] [Step Debug] WARN: Creating socket for 'host.docker.internal:9003', poll success, but error: Operation in progress (29).
[8] [Step Debug] ERR: Could not connect to debugging client. Tried: host.docker.internal:9003 (through xdebug.client_host/xdebug.client_port).
[8] [Step Debug] INFO: Connecting to configured address/port: host.docker.internal:9003.
[8] [Step Debug] WARN: Creating socket for 'host.docker.internal:9003', poll success, but error: Operation in progress (29).
[8] [Step Debug] ERR: Could not connect to debugging client. Tried: host.docker.internal:9003 (through xdebug.client_host/xdebug.client_port).
[8] Log closed at 2024-01-09 09:37:20.255004

[7] Log opened at 2024-01-09 09:39:07.870921
[7] [Step Debug] INFO: Connecting to configured address/port: host.docker.internal:9003.
[7] [Step Debug] WARN: Creating socket for 'host.docker.internal:9003', poll success, but error: Operation in progress (29).
[7] [Step Debug] ERR: Could not connect to debugging client. Tried: host.docker.internal:9003 (through xdebug.client_host/xdebug.client_port).
[7] [Step Debug] INFO: Connecting to configured address/port: host.docker.internal:9003.
[7] [Step Debug] WARN: Creating socket for 'host.docker.internal:9003', poll success, but error: Operation in progress (29).
[7] [Step Debug] ERR: Could not connect to debugging client. Tried: host.docker.internal:9003 (through xdebug.client_host/xdebug.client_port).
[7] [Step Debug] INFO: Connecting to configured address/port: host.docker.internal:9003.
[7] [Step Debug] WARN: Creating socket for 'host.docker.internal:9003', poll success, but error: Operation in progress (29).
[7] [Step Debug] ERR: Could not connect to debugging client. Tried: host.docker.internal:9003 (through xdebug.client_host/xdebug.client_port).
[7] Log closed at 2024-01-09 09:39:08.441777

[8] Log opened at 2024-01-09 09:49:42.849601
[8] [Step Debug] INFO: Connecting to configured address/port: host.docker.internal:9003.
[8] [Step Debug] WARN: Creating socket for 'host.docker.internal:9003', poll success, but error: Operation in progress (29).
[8] [Step Debug] ERR: Could not connect to debugging client. Tried: host.docker.internal:9003 (through xdebug.client_host/xdebug.client_port).
[8] [Step Debug] INFO: Connecting to configured address/port: host.docker.internal:9003.
[8] [Step Debug] WARN: Creating socket for 'host.docker.internal:9003', poll success, but error: Operation in progress (29).
[8] [Step Debug] ERR: Could not connect to debugging client. Tried: host.docker.internal:9003 (through xdebug.client_host/xdebug.client_port).
[8] [Step Debug] INFO: Connecting to configured address/port: host.docker.internal:9003.
[8] [Step Debug] WARN: Creating socket for 'host.docker.internal:9003', poll success, but error: Operation in progress (29).
[8] [Step Debug] ERR: Could not connect to debugging client. Tried: host.docker.internal:9003 (through xdebug.client_host/xdebug.client_port).
[8] Log closed at 2024-01-09 09:49:43.462383

[7] Log opened at 2024-01-09 09:53:32.224836
[7] [Step Debug] INFO: Connecting to configured address/port: host.docker.internal:9003.
[7] [Step Debug] WARN: Creating socket for 'host.docker.internal:9003', poll success, but error: Operation in progress (29).
[7] [Step Debug] ERR: Could not connect to debugging client. Tried: host.docker.internal:9003 (through xdebug.client_host/xdebug.client_port).
[7] [Step Debug] INFO: Connecting to configured address/port: host.docker.internal:9003.
[7] [Step Debug] WARN: Creating socket for 'host.docker.internal:9003', poll success, but error: Operation in progress (29).
[7] [Step Debug] ERR: Could not connect to debugging client. Tried: host.docker.internal:9003 (through xdebug.client_host/xdebug.client_port).
[7] [Step Debug] INFO: Connecting to configured address/port: host.docker.internal:9003.
[7] [Step Debug] WARN: Creating socket for 'host.docker.internal:9003', poll success, but error: Operation in progress (29).
[7] [Step Debug] ERR: Could not connect to debugging client. Tried: host.docker.internal:9003 (through xdebug.client_host/xdebug.client_port).
[7] Log closed at 2024-01-09 09:53:32.821575

[8] Log opened at 2024-01-09 09:56:32.512363
[8] [Step Debug] INFO: Connecting to configured address/port: host.docker.internal:9003.
[8] [Step Debug] WARN: Creating socket for 'host.docker.internal:9003', poll success, but error: Operation in progress (29).
[8] [Step Debug] ERR: Could not connect to debugging client. Tried: host.docker.internal:9003 (through xdebug.client_host/xdebug.client_port).
[8] [Step Debug] INFO: Connecting to configured address/port: host.docker.internal:9003.
[8] [Step Debug] WARN: Creating socket for 'host.docker.internal:9003', poll success, but error: Operation in progress (29).
[8] [Step Debug] ERR: Could not connect to debugging client. Tried: host.docker.internal:9003 (through xdebug.client_host/xdebug.client_port).
[8] [Step Debug] INFO: Connecting to configured address/port: host.docker.internal:9003.
[8] [Step Debug] WARN: Creating socket for 'host.docker.internal:9003', poll success, but error: Operation in progress (29).
[8] [Step Debug] ERR: Could not connect to debugging client. Tried: host.docker.internal:9003 (through xdebug.client_host/xdebug.client_port).
[8] Log closed at 2024-01-09 09:56:33.115180

[7] Log opened at 2024-01-09 09:59:58.947476
[7] [Step Debug] INFO: Connecting to configured address/port: host.docker.internal:9003.
[7] [Step Debug] WARN: Creating socket for 'host.docker.internal:9003', poll success, but error: Operation in progress (29).
[7] [Step Debug] ERR: Could not connect to debugging client. Tried: host.docker.internal:9003 (through xdebug.client_host/xdebug.client_port).
[7] [Step Debug] INFO: Connecting to configured address/port: host.docker.internal:9003.
[7] [Step Debug] WARN: Creating socket for 'host.docker.internal:9003', poll success, but error: Operation in progress (29).
[7] [Step Debug] ERR: Could not connect to debugging client. Tried: host.docker.internal:9003 (through xdebug.client_host/xdebug.client_port).
[7] [Step Debug] INFO: Connecting to configured address/port: host.docker.internal:9003.
[7] [Step Debug] WARN: Creating socket for 'host.docker.internal:9003', poll success, but error: Operation in progress (29).
[7] [Step Debug] ERR: Could not connect to debugging client. Tried: host.docker.internal:9003 (through xdebug.client_host/xdebug.client_port).
[7] Log closed at 2024-01-09 09:59:59.511121

[8] Log opened at 2024-01-09 10:02:31.833004
[8] [Step Debug] INFO: Connecting to configured address/port: host.docker.internal:9003.
[8] [Step Debug] WARN: Creating socket for 'host.docker.internal:9003', poll success, but error: Operation in progress (29).
[8] [Step Debug] ERR: Could not connect to debugging client. Tried: host.docker.internal:9003 (through xdebug.client_host/xdebug.client_port).
[8] [Step Debug] INFO: Connecting to configured address/port: host.docker.internal:9003.
[8] [Step Debug] WARN: Creating socket for 'host.docker.internal:9003', poll success, but error: Operation in progress (29).
[8] [Step Debug] ERR: Could not connect to debugging client. Tried: host.docker.internal:9003 (through xdebug.client_host/xdebug.client_port).
[8] [Step Debug] INFO: Connecting to configured address/port: host.docker.internal:9003.
[8] [Step Debug] WARN: Creating socket for 'host.docker.internal:9003', poll success, but error: Operation in progress (29).
[8] [Step Debug] ERR: Could not connect to debugging client. Tried: host.docker.internal:9003 (through xdebug.client_host/xdebug.client_port).
[8] Log closed at 2024-01-09 10:02:32.390223

[7] Log opened at 2024-01-09 10:04:01.270476
[7] [Step Debug] INFO: Connecting to configured address/port: host.docker.internal:9003.
[7] [Step Debug] WARN: Creating socket for 'host.docker.internal:9003', poll success, but error: Operation in progress (29).
[7] [Step Debug] ERR: Could not connect to debugging client. Tried: host.docker.internal:9003 (through xdebug.client_host/xdebug.client_port).
[7] [Step Debug] INFO: Connecting to configured address/port: host.docker.internal:9003.
[7] [Step Debug] WARN: Creating socket for 'host.docker.internal:9003', poll success, but error: Operation in progress (29).
[7] [Step Debug] ERR: Could not connect to debugging client. Tried: host.docker.internal:9003 (through xdebug.client_host/xdebug.client_port).
[7] [Step Debug] INFO: Connecting to configured address/port: host.docker.internal:9003.
[7] [Step Debug] WARN: Creating socket for 'host.docker.internal:9003', poll success, but error: Operation in progress (29).
[7] [Step Debug] ERR: Could not connect to debugging client. Tried: host.docker.internal:9003 (through xdebug.client_host/xdebug.client_port).
[7] Log closed at 2024-01-09 10:04:01.872579

[8] Log opened at 2024-01-09 10:04:43.338949
[8] [Step Debug] INFO: Connecting to configured address/port: host.docker.internal:9003.
[8] [Step Debug] WARN: Creating socket for 'host.docker.internal:9003', poll success, but error: Operation in progress (29).
[8] [Step Debug] ERR: Could not connect to debugging client. Tried: host.docker.internal:9003 (through xdebug.client_host/xdebug.client_port).
[8] [Step Debug] INFO: Connecting to configured address/port: host.docker.internal:9003.
[8] [Step Debug] WARN: Creating socket for 'host.docker.internal:9003', poll success, but error: Operation in progress (29).
[8] [Step Debug] ERR: Could not connect to debugging client. Tried: host.docker.internal:9003 (through xdebug.client_host/xdebug.client_port).
[8] [Step Debug] INFO: Connecting to configured address/port: host.docker.internal:9003.
[8] [Step Debug] WARN: Creating socket for 'host.docker.internal:9003', poll success, but error: Operation in progress (29).
[8] [Step Debug] ERR: Could not connect to debugging client. Tried: host.docker.internal:9003 (through xdebug.client_host/xdebug.client_port).
[8] Log closed at 2024-01-09 10:04:43.900309

[7] Log opened at 2024-01-09 10:05:39.709411
[7] [Step Debug] INFO: Connecting to configured address/port: host.docker.internal:9003.
[7] [Step Debug] WARN: Creating socket for 'host.docker.internal:9003', poll success, but error: Operation in progress (29).
[7] [Step Debug] ERR: Could not connect to debugging client. Tried: host.docker.internal:9003 (through xdebug.client_host/xdebug.client_port).
[7] [Step Debug] INFO: Connecting to configured address/port: host.docker.internal:9003.
[7] [Step Debug] WARN: Creating socket for 'host.docker.internal:9003', poll success, but error: Operation in progress (29).
[7] [Step Debug] ERR: Could not connect to debugging client. Tried: host.docker.internal:9003 (through xdebug.client_host/xdebug.client_port).
[7] [Step Debug] INFO: Connecting to configured address/port: host.docker.internal:9003.
[7] [Step Debug] WARN: Creating socket for 'host.docker.internal:9003', poll success, but error: Operation in progress (29).
[7] [Step Debug] ERR: Could not connect to debugging client. Tried: host.docker.internal:9003 (through xdebug.client_host/xdebug.client_port).
[7] Log closed at 2024-01-09 10:05:40.282241

[8] Log opened at 2024-01-09 10:07:39.353116
[8] [Step Debug] INFO: Connecting to configured address/port: host.docker.internal:9003.
[8] [Step Debug] WARN: Creating socket for 'host.docker.internal:9003', poll success, but error: Operation in progress (29).
[8] [Step Debug] ERR: Could not connect to debugging client. Tried: host.docker.internal:9003 (through xdebug.client_host/xdebug.client_port).
[8] [Step Debug] INFO: Connecting to configured address/port: host.docker.internal:9003.
[8] [Step Debug] WARN: Creating socket for 'host.docker.internal:9003', poll success, but error: Operation in progress (29).
[8] [Step Debug] ERR: Could not connect to debugging client. Tried: host.docker.internal:9003 (through xdebug.client_host/xdebug.client_port).
[8] [Step Debug] INFO: Connecting to configured address/port: host.docker.internal:9003.
[8] [Step Debug] WARN: Creating socket for 'host.docker.internal:9003', poll success, but error: Operation in progress (29).
[8] [Step Debug] ERR: Could not connect to debugging client. Tried: host.docker.internal:9003 (through xdebug.client_host/xdebug.client_port).
[8] [Step Debug] INFO: Connecting to configured address/port: host.docker.internal:9003.
[8] [Step Debug] WARN: Creating socket for 'host.docker.internal:9003', poll success, but error: Operation in progress (29).
[8] [Step Debug] ERR: Could not connect to debugging client. Tried: host.docker.internal:9003 (through xdebug.client_host/xdebug.client_port).
[8] Log closed at 2024-01-09 10:07:40.604078

[7] Log opened at 2024-01-09 10:08:31.625061
[7] [Step Debug] INFO: Connecting to configured address/port: host.docker.internal:9003.
[7] [Step Debug] WARN: Creating socket for 'host.docker.internal:9003', poll success, but error: Operation in progress (29).
[7] [Step Debug] ERR: Could not connect to debugging client. Tried: host.docker.internal:9003 (through xdebug.client_host/xdebug.client_port).
[7] [Step Debug] INFO: Connecting to configured address/port: host.docker.internal:9003.
[7] [Step Debug] WARN: Creating socket for 'host.docker.internal:9003', poll success, but error: Operation in progress (29).
[7] [Step Debug] ERR: Could not connect to debugging client. Tried: host.docker.internal:9003 (through xdebug.client_host/xdebug.client_port).
[7] [Step Debug] INFO: Connecting to configured address/port: host.docker.internal:9003.
[7] [Step Debug] WARN: Creating socket for 'host.docker.internal:9003', poll success, but error: Operation in progress (29).
[7] [Step Debug] ERR: Could not connect to debugging client. Tried: host.docker.internal:9003 (through xdebug.client_host/xdebug.client_port).
[7] Log closed at 2024-01-09 10:08:32.199015

[8] Log opened at 2024-01-09 10:09:47.734583
[8] [Step Debug] INFO: Connecting to configured address/port: host.docker.internal:9003.
[8] [Step Debug] WARN: Creating socket for 'host.docker.internal:9003', poll success, but error: Operation in progress (29).
[8] [Step Debug] ERR: Could not connect to debugging client. Tried: host.docker.internal:9003 (through xdebug.client_host/xdebug.client_port).
[8] [Step Debug] INFO: Connecting to configured address/port: host.docker.internal:9003.
[8] [Step Debug] WARN: Creating socket for 'host.docker.internal:9003', poll success, but error: Operation in progress (29).
[8] [Step Debug] ERR: Could not connect to debugging client. Tried: host.docker.internal:9003 (through xdebug.client_host/xdebug.client_port).
[8] [Step Debug] INFO: Connecting to configured address/port: host.docker.internal:9003.
[8] [Step Debug] WARN: Creating socket for 'host.docker.internal:9003', poll success, but error: Operation in progress (29).
[8] [Step Debug] ERR: Could not connect to debugging client. Tried: host.docker.internal:9003 (through xdebug.client_host/xdebug.client_port).
[8] Log closed at 2024-01-09 10:09:48.313372

[197] Log opened at 2024-01-09 11:12:51.362751
[197] [Step Debug] INFO: Connecting to configured address/port: host.docker.internal:9003.
[197] [Step Debug] WARN: Creating socket for 'host.docker.internal:9003', poll success, but error: Operation in progress (29).
[197] [Step Debug] ERR: Could not connect to debugging client. Tried: host.docker.internal:9003 (through xdebug.client_host/xdebug.client_port).
[214] Log opened at 2024-01-09 11:12:52.592051
[214] [Step Debug] INFO: Connecting to configured address/port: host.docker.internal:9003.
[214] [Step Debug] WARN: Creating socket for 'host.docker.internal:9003', poll success, but error: Operation in progress (29).
[214] [Step Debug] ERR: Could not connect to debugging client. Tried: host.docker.internal:9003 (through xdebug.client_host/xdebug.client_port).
[214] [Step Debug] INFO: Connecting to configured address/port: host.docker.internal:9003.
[214] [Step Debug] WARN: Creating socket for 'host.docker.internal:9003', poll success, but error: Operation in progress (29).
[214] [Step Debug] ERR: Could not connect to debugging client. Tried: host.docker.internal:9003 (through xdebug.client_host/xdebug.client_port).
[214] [Step Debug] INFO: Connecting to configured address/port: host.docker.internal:9003.
[214] [Step Debug] WARN: Creating socket for 'host.docker.internal:9003', poll success, but error: Operation in progress (29).
[214] [Step Debug] ERR: Could not connect to debugging client. Tried: host.docker.internal:9003 (through xdebug.client_host/xdebug.client_port).
[214] [Step Debug] INFO: Connecting to configured address/port: host.docker.internal:9003.
[214] [Step Debug] WARN: Creating socket for 'host.docker.internal:9003', poll success, but error: Operation in progress (29).
[214] [Step Debug] ERR: Could not connect to debugging client. Tried: host.docker.internal:9003 (through xdebug.client_host/xdebug.client_port).
[214] [Step Debug] INFO: Connecting to configured address/port: host.docker.internal:9003.
[214] [Step Debug] WARN: Creating socket for 'host.docker.internal:9003', poll success, but error: Operation in progress (29).
[214] [Step Debug] ERR: Could not connect to debugging client. Tried: host.docker.internal:9003 (through xdebug.client_host/xdebug.client_port).
[214] Log closed at 2024-01-09 11:12:53.294485

[217] Log opened at 2024-01-09 11:12:53.320504
[217] [Step Debug] INFO: Connecting to configured address/port: host.docker.internal:9003.
[217] [Step Debug] WARN: Creating socket for 'host.docker.internal:9003', poll success, but error: Operation in progress (29).
[217] [Step Debug] ERR: Could not connect to debugging client. Tried: host.docker.internal:9003 (through xdebug.client_host/xdebug.client_port).
[217] [Step Debug] INFO: Connecting to configured address/port: host.docker.internal:9003.
[217] [Step Debug] WARN: Creating socket for 'host.docker.internal:9003', poll success, but error: Operation in progress (29).
[217] [Step Debug] ERR: Could not connect to debugging client. Tried: host.docker.internal:9003 (through xdebug.client_host/xdebug.client_port).
[217] [Step Debug] INFO: Connecting to configured address/port: host.docker.internal:9003.
[217] [Step Debug] WARN: Creating socket for 'host.docker.internal:9003', poll success, but error: Operation in progress (29).
[217] [Step Debug] ERR: Could not connect to debugging client. Tried: host.docker.internal:9003 (through xdebug.client_host/xdebug.client_port).
[217] Log closed at 2024-01-09 11:12:53.412057

[197] Log closed at 2024-01-09 11:12:53.992189

[220] Log opened at 2024-01-09 11:13:08.564409
[220] [Step Debug] INFO: Connecting to configured address/port: host.docker.internal:9003.
[220] [Step Debug] WARN: Creating socket for 'host.docker.internal:9003', poll success, but error: Operation in progress (29).
[220] [Step Debug] ERR: Could not connect to debugging client. Tried: host.docker.internal:9003 (through xdebug.client_host/xdebug.client_port).
[232] Log opened at 2024-01-09 11:13:10.232519
[232] [Step Debug] INFO: Connecting to configured address/port: host.docker.internal:9003.
[232] [Step Debug] WARN: Creating socket for 'host.docker.internal:9003', poll success, but error: Operation in progress (29).
[232] [Step Debug] ERR: Could not connect to debugging client. Tried: host.docker.internal:9003 (through xdebug.client_host/xdebug.client_port).
[232] [Step Debug] INFO: Connecting to configured address/port: host.docker.internal:9003.
[232] [Step Debug] WARN: Creating socket for 'host.docker.internal:9003', poll success, but error: Operation in progress (29).
[232] [Step Debug] ERR: Could not connect to debugging client. Tried: host.docker.internal:9003 (through xdebug.client_host/xdebug.client_port).
[232] [Step Debug] INFO: Connecting to configured address/port: host.docker.internal:9003.
[232] [Step Debug] WARN: Creating socket for 'host.docker.internal:9003', poll success, but error: Operation in progress (29).
[232] [Step Debug] ERR: Could not connect to debugging client. Tried: host.docker.internal:9003 (through xdebug.client_host/xdebug.client_port).
[232] [Step Debug] INFO: Connecting to configured address/port: host.docker.internal:9003.
[232] [Step Debug] WARN: Creating socket for 'host.docker.internal:9003', poll success, but error: Operation in progress (29).
[232] [Step Debug] ERR: Could not connect to debugging client. Tried: host.docker.internal:9003 (through xdebug.client_host/xdebug.client_port).
[232] [Step Debug] INFO: Connecting to configured address/port: host.docker.internal:9003.
[232] [Step Debug] WARN: Creating socket for 'host.docker.internal:9003', poll success, but error: Operation in progress (29).
[232] [Step Debug] ERR: Could not connect to debugging client. Tried: host.docker.internal:9003 (through xdebug.client_host/xdebug.client_port).
[232] Log closed at 2024-01-09 11:13:10.925957

[235] Log opened at 2024-01-09 11:13:10.950414
[235] [Step Debug] INFO: Connecting to configured address/port: host.docker.internal:9003.
[235] [Step Debug] WARN: Creating socket for 'host.docker.internal:9003', poll success, but error: Operation in progress (29).
[235] [Step Debug] ERR: Could not connect to debugging client. Tried: host.docker.internal:9003 (through xdebug.client_host/xdebug.client_port).
[235] [Step Debug] INFO: Connecting to configured address/port: host.docker.internal:9003.
[235] [Step Debug] WARN: Creating socket for 'host.docker.internal:9003', poll success, but error: Operation in progress (29).
[235] [Step Debug] ERR: Could not connect to debugging client. Tried: host.docker.internal:9003 (through xdebug.client_host/xdebug.client_port).
[235] [Step Debug] INFO: Connecting to configured address/port: host.docker.internal:9003.
[235] [Step Debug] WARN: Creating socket for 'host.docker.internal:9003', poll success, but error: Operation in progress (29).
[235] [Step Debug] ERR: Could not connect to debugging client. Tried: host.docker.internal:9003 (through xdebug.client_host/xdebug.client_port).
[235] Log closed at 2024-01-09 11:13:11.020474

[220] Log closed at 2024-01-09 11:13:11.105252

[7] Log opened at 2024-01-09 10:12:06.748283
[7] [Step Debug] INFO: Connecting to configured address/port: host.docker.internal:9003.
[7] [Step Debug] WARN: Creating socket for 'host.docker.internal:9003', poll success, but error: Operation in progress (29).
[7] [Step Debug] ERR: Could not connect to debugging client. Tried: host.docker.internal:9003 (through xdebug.client_host/xdebug.client_port).
[7] [Step Debug] INFO: Connecting to configured address/port: host.docker.internal:9003.
[7] [Step Debug] WARN: Creating socket for 'host.docker.internal:9003', poll success, but error: Operation in progress (29).
[7] [Step Debug] ERR: Could not connect to debugging client. Tried: host.docker.internal:9003 (through xdebug.client_host/xdebug.client_port).
[7] [Step Debug] INFO: Connecting to configured address/port: host.docker.internal:9003.
[7] [Step Debug] WARN: Creating socket for 'host.docker.internal:9003', poll success, but error: Operation in progress (29).
[7] [Step Debug] ERR: Could not connect to debugging client. Tried: host.docker.internal:9003 (through xdebug.client_host/xdebug.client_port).
[7] Log closed at 2024-01-09 10:12:07.341186

